[0.084s] DEBUG:colcon:Command line arguments: ['/usr/bin/colcon', 'build', '--symlink-install', '--packages-select', 'turtleSLAM']
[0.084s] DEBUG:colcon:Parsed command line arguments: Namespace(log_base=None, log_level=None, verb_name='build', build_base='build', install_base='install', merge_install=False, symlink_install=True, test_result_base=None, continue_on_error=False, executor='parallel', parallel_workers=12, event_handlers=None, ignore_user_meta=False, metas=['./colcon.meta'], base_paths=['.'], packages_ignore=None, packages_ignore_regex=None, paths=None, packages_up_to=None, packages_up_to_regex=None, packages_above=None, packages_above_and_dependencies=None, packages_above_depth=None, packages_select_by_dep=None, packages_skip_by_dep=None, packages_skip_up_to=None, packages_select_build_failed=False, packages_skip_build_finished=False, packages_select_test_failures=False, packages_skip_test_passed=False, packages_select=['turtleSLAM'], packages_skip=None, packages_select_regex=None, packages_skip_regex=None, packages_start=None, packages_end=None, allow_overriding=[], cmake_args=None, cmake_target=None, cmake_target_skip_unavailable=False, cmake_clean_cache=False, cmake_clean_first=False, cmake_force_configure=False, ament_cmake_args=None, catkin_cmake_args=None, catkin_skip_building_tests=False, verb_parser=<colcon_defaults.argument_parser.defaults.DefaultArgumentsDecorator object at 0x7873dce40520>, verb_extension=<colcon_core.verb.build.BuildVerb object at 0x7873dcfb8a00>, main=<bound method BuildVerb.main of <colcon_core.verb.build.BuildVerb object at 0x7873dcfb8a00>>)
[0.217s] Level 1:colcon.colcon_core.package_discovery:discover_packages(colcon_meta) check parameters
[0.217s] Level 1:colcon.colcon_core.package_discovery:discover_packages(recursive) check parameters
[0.217s] Level 1:colcon.colcon_core.package_discovery:discover_packages(ignore) check parameters
[0.217s] Level 1:colcon.colcon_core.package_discovery:discover_packages(path) check parameters
[0.218s] Level 1:colcon.colcon_core.package_discovery:discover_packages(colcon_meta) discover
[0.218s] Level 1:colcon.colcon_core.package_discovery:discover_packages(recursive) discover
[0.218s] INFO:colcon.colcon_core.package_discovery:Crawling recursively for packages in '/home/ostap/Documents/TurtleBotSLAM/src/turtleSLAM'
[0.218s] Level 1:colcon.colcon_core.package_identification:_identify(.) by extensions ['ignore', 'ignore_ament_install']
[0.218s] Level 1:colcon.colcon_core.package_identification:_identify(.) by extension 'ignore'
[0.218s] Level 1:colcon.colcon_core.package_identification:_identify(.) by extension 'ignore_ament_install'
[0.218s] Level 1:colcon.colcon_core.package_identification:_identify(.) by extensions ['colcon_pkg']
[0.218s] Level 1:colcon.colcon_core.package_identification:_identify(.) by extension 'colcon_pkg'
[0.218s] Level 1:colcon.colcon_core.package_identification:_identify(.) by extensions ['colcon_meta']
[0.218s] Level 1:colcon.colcon_core.package_identification:_identify(.) by extension 'colcon_meta'
[0.218s] Level 1:colcon.colcon_core.package_identification:_identify(.) by extensions ['ros']
[0.218s] Level 1:colcon.colcon_core.package_identification:_identify(.) by extension 'ros'
[0.229s] DEBUG:colcon.colcon_core.package_identification:Package '.' with type 'ros.ament_python' and name 'turtleSLAM'
[0.229s] Level 1:colcon.colcon_core.package_discovery:discover_packages(recursive) using defaults
[0.229s] Level 1:colcon.colcon_core.package_discovery:discover_packages(ignore) discover
[0.229s] Level 1:colcon.colcon_core.package_discovery:discover_packages(ignore) using defaults
[0.229s] Level 1:colcon.colcon_core.package_discovery:discover_packages(path) discover
[0.229s] Level 1:colcon.colcon_core.package_discovery:discover_packages(path) using defaults
[0.245s] Level 1:colcon.colcon_core.package_discovery:discover_packages(prefix_path) check parameters
[0.245s] Level 1:colcon.colcon_core.package_discovery:discover_packages(prefix_path) discover
[0.246s] WARNING:colcon.colcon_core.prefix_path.colcon:The path '/home/ostap/Documents/TurtleBotSLAM/install' in the environment variable COLCON_PREFIX_PATH doesn't exist
[0.246s] WARNING:colcon.colcon_ros.prefix_path.ament:The path '/home/ostap/Documents/TurtleBotSLAM/install/turtle_reset_odm' in the environment variable AMENT_PREFIX_PATH doesn't exist
[0.247s] DEBUG:colcon.colcon_installed_package_information.package_discovery:Found 270 installed packages in /opt/ros/humble
[0.261s] Level 1:colcon.colcon_core.package_discovery:discover_packages(prefix_path) using defaults
[0.290s] Level 5:colcon.colcon_core.verb:set package 'turtleSLAM' build argument 'cmake_args' from command line to 'None'
[0.290s] Level 5:colcon.colcon_core.verb:set package 'turtleSLAM' build argument 'cmake_target' from command line to 'None'
[0.290s] Level 5:colcon.colcon_core.verb:set package 'turtleSLAM' build argument 'cmake_target_skip_unavailable' from command line to 'False'
[0.290s] Level 5:colcon.colcon_core.verb:set package 'turtleSLAM' build argument 'cmake_clean_cache' from command line to 'False'
[0.291s] Level 5:colcon.colcon_core.verb:set package 'turtleSLAM' build argument 'cmake_clean_first' from command line to 'False'
[0.291s] Level 5:colcon.colcon_core.verb:set package 'turtleSLAM' build argument 'cmake_force_configure' from command line to 'False'
[0.291s] Level 5:colcon.colcon_core.verb:set package 'turtleSLAM' build argument 'ament_cmake_args' from command line to 'None'
[0.291s] Level 5:colcon.colcon_core.verb:set package 'turtleSLAM' build argument 'catkin_cmake_args' from command line to 'None'
[0.291s] Level 5:colcon.colcon_core.verb:set package 'turtleSLAM' build argument 'catkin_skip_building_tests' from command line to 'False'
[0.291s] DEBUG:colcon.colcon_core.verb:Building package 'turtleSLAM' with the following arguments: {'ament_cmake_args': None, 'build_base': '/home/ostap/Documents/TurtleBotSLAM/src/turtleSLAM/build/turtleSLAM', 'catkin_cmake_args': None, 'catkin_skip_building_tests': False, 'cmake_args': None, 'cmake_clean_cache': False, 'cmake_clean_first': False, 'cmake_force_configure': False, 'cmake_target': None, 'cmake_target_skip_unavailable': False, 'install_base': '/home/ostap/Documents/TurtleBotSLAM/src/turtleSLAM/install/turtleSLAM', 'merge_install': False, 'path': '/home/ostap/Documents/TurtleBotSLAM/src/turtleSLAM', 'symlink_install': True, 'test_result_base': None}
[0.291s] INFO:colcon.colcon_core.executor:Executing jobs using 'parallel' executor
[0.292s] DEBUG:colcon.colcon_parallel_executor.executor.parallel:run_until_complete
[0.292s] INFO:colcon.colcon_ros.task.ament_python.build:Building ROS package in '/home/ostap/Documents/TurtleBotSLAM/src/turtleSLAM' with build type 'ament_python'
[0.292s] Level 1:colcon.colcon_core.shell:create_environment_hook('turtleSLAM', 'ament_prefix_path')
[0.294s] INFO:colcon.colcon_core.plugin_system:Skipping extension 'colcon_core.shell.bat': Not used on non-Windows systems
[0.294s] INFO:colcon.colcon_core.shell:Creating environment hook '/home/ostap/Documents/TurtleBotSLAM/src/turtleSLAM/install/turtleSLAM/share/turtleSLAM/hook/ament_prefix_path.ps1'
[0.295s] INFO:colcon.colcon_core.shell:Creating environment descriptor '/home/ostap/Documents/TurtleBotSLAM/src/turtleSLAM/install/turtleSLAM/share/turtleSLAM/hook/ament_prefix_path.dsv'
[0.295s] INFO:colcon.colcon_core.shell:Creating environment hook '/home/ostap/Documents/TurtleBotSLAM/src/turtleSLAM/install/turtleSLAM/share/turtleSLAM/hook/ament_prefix_path.sh'
[0.295s] INFO:colcon.colcon_core.shell:Skip shell extension 'powershell' for command environment: Not usable outside of PowerShell
[0.295s] DEBUG:colcon.colcon_core.shell:Skip shell extension 'dsv' for command environment
[0.505s] INFO:colcon.colcon_core.task.python.build:Building Python package in '/home/ostap/Documents/TurtleBotSLAM/src/turtleSLAM'
[0.505s] INFO:colcon.colcon_core.shell:Skip shell extension 'powershell' for command environment: Not usable outside of PowerShell
[0.505s] DEBUG:colcon.colcon_core.shell:Skip shell extension 'dsv' for command environment
[0.779s] DEBUG:colcon.colcon_core.event_handler.log_command:Invoking command in '/home/ostap/Documents/TurtleBotSLAM/src/turtleSLAM/build/turtleSLAM': PYTHONPATH=/home/ostap/Documents/TurtleBotSLAM/src/turtleSLAM/build/turtleSLAM/prefix_override:/home/ostap/Documents/TurtleBotSLAM/src/turtleSLAM/install/turtleSLAM/lib/python3.10/site-packages:${PYTHONPATH} /usr/bin/python3 -W ignore:setup.py install is deprecated setup.py develop --editable --build-directory /home/ostap/Documents/TurtleBotSLAM/src/turtleSLAM/build/turtleSLAM/build --no-deps symlink_data
[1.148s] Level 1:colcon.colcon_core.shell:create_environment_hook('turtleSLAM', 'pythonpath_develop')
[1.149s] INFO:colcon.colcon_core.shell:Creating environment hook '/home/ostap/Documents/TurtleBotSLAM/src/turtleSLAM/build/turtleSLAM/share/turtleSLAM/hook/pythonpath_develop.ps1'
[1.150s] DEBUG:colcon.colcon_core.event_handler.log_command:Invoked command in '/home/ostap/Documents/TurtleBotSLAM/src/turtleSLAM/build/turtleSLAM' returned '0': PYTHONPATH=/home/ostap/Documents/TurtleBotSLAM/src/turtleSLAM/build/turtleSLAM/prefix_override:/home/ostap/Documents/TurtleBotSLAM/src/turtleSLAM/install/turtleSLAM/lib/python3.10/site-packages:${PYTHONPATH} /usr/bin/python3 -W ignore:setup.py install is deprecated setup.py develop --editable --build-directory /home/ostap/Documents/TurtleBotSLAM/src/turtleSLAM/build/turtleSLAM/build --no-deps symlink_data
[1.150s] INFO:colcon.colcon_core.shell:Creating environment descriptor '/home/ostap/Documents/TurtleBotSLAM/src/turtleSLAM/build/turtleSLAM/share/turtleSLAM/hook/pythonpath_develop.dsv'
[1.151s] INFO:colcon.colcon_core.shell:Creating environment hook '/home/ostap/Documents/TurtleBotSLAM/src/turtleSLAM/build/turtleSLAM/share/turtleSLAM/hook/pythonpath_develop.sh'
[1.152s] Level 1:colcon.colcon_core.environment:checking '/home/ostap/Documents/TurtleBotSLAM/src/turtleSLAM/install/turtleSLAM' for CMake module files
[1.153s] Level 1:colcon.colcon_core.environment:checking '/home/ostap/Documents/TurtleBotSLAM/src/turtleSLAM/install/turtleSLAM' for CMake config files
[1.153s] Level 1:colcon.colcon_core.environment:checking '/home/ostap/Documents/TurtleBotSLAM/src/turtleSLAM/install/turtleSLAM/lib'
[1.153s] Level 1:colcon.colcon_core.environment:checking '/home/ostap/Documents/TurtleBotSLAM/src/turtleSLAM/install/turtleSLAM/bin'
[1.153s] Level 1:colcon.colcon_core.environment:checking '/home/ostap/Documents/TurtleBotSLAM/src/turtleSLAM/install/turtleSLAM/lib/pkgconfig/turtleSLAM.pc'
[1.154s] Level 1:colcon.colcon_core.environment:checking '/home/ostap/Documents/TurtleBotSLAM/src/turtleSLAM/install/turtleSLAM/lib/python3.10/site-packages'
[1.154s] Level 1:colcon.colcon_core.shell:create_environment_hook('turtleSLAM', 'pythonpath')
[1.154s] INFO:colcon.colcon_core.shell:Creating environment hook '/home/ostap/Documents/TurtleBotSLAM/src/turtleSLAM/install/turtleSLAM/share/turtleSLAM/hook/pythonpath.ps1'
[1.154s] INFO:colcon.colcon_core.shell:Creating environment descriptor '/home/ostap/Documents/TurtleBotSLAM/src/turtleSLAM/install/turtleSLAM/share/turtleSLAM/hook/pythonpath.dsv'
[1.154s] INFO:colcon.colcon_core.shell:Creating environment hook '/home/ostap/Documents/TurtleBotSLAM/src/turtleSLAM/install/turtleSLAM/share/turtleSLAM/hook/pythonpath.sh'
[1.155s] Level 1:colcon.colcon_core.environment:checking '/home/ostap/Documents/TurtleBotSLAM/src/turtleSLAM/install/turtleSLAM/bin'
[1.155s] Level 1:colcon.colcon_core.environment:create_environment_scripts_only(turtleSLAM)
[1.155s] INFO:colcon.colcon_core.shell:Creating package script '/home/ostap/Documents/TurtleBotSLAM/src/turtleSLAM/install/turtleSLAM/share/turtleSLAM/package.ps1'
[1.156s] INFO:colcon.colcon_core.shell:Creating package descriptor '/home/ostap/Documents/TurtleBotSLAM/src/turtleSLAM/install/turtleSLAM/share/turtleSLAM/package.dsv'
[1.156s] INFO:colcon.colcon_core.shell:Creating package script '/home/ostap/Documents/TurtleBotSLAM/src/turtleSLAM/install/turtleSLAM/share/turtleSLAM/package.sh'
[1.157s] INFO:colcon.colcon_core.shell:Creating package script '/home/ostap/Documents/TurtleBotSLAM/src/turtleSLAM/install/turtleSLAM/share/turtleSLAM/package.bash'
[1.157s] INFO:colcon.colcon_core.shell:Creating package script '/home/ostap/Documents/TurtleBotSLAM/src/turtleSLAM/install/turtleSLAM/share/turtleSLAM/package.zsh'
[1.158s] Level 1:colcon.colcon_core.environment:create_file_with_runtime_dependencies(/home/ostap/Documents/TurtleBotSLAM/src/turtleSLAM/install/turtleSLAM/share/colcon-core/packages/turtleSLAM)
[1.158s] DEBUG:colcon.colcon_parallel_executor.executor.parallel:closing loop
[1.158s] DEBUG:colcon.colcon_parallel_executor.executor.parallel:loop closed
[1.158s] DEBUG:colcon.colcon_parallel_executor.executor.parallel:run_until_complete finished with '0'
[1.158s] DEBUG:colcon.colcon_core.event_reactor:joining thread
[1.163s] INFO:colcon.colcon_core.plugin_system:Skipping extension 'colcon_notification.desktop_notification.terminal_notifier': Not used on non-Darwin systems
[1.163s] INFO:colcon.colcon_core.plugin_system:Skipping extension 'colcon_notification.desktop_notification.win32': Not used on non-Windows systems
[1.163s] INFO:colcon.colcon_notification.desktop_notification:Sending desktop notification using 'notify2'
[1.176s] DEBUG:colcon.colcon_core.event_reactor:joined thread
[1.177s] INFO:colcon.colcon_core.shell:Creating prefix script '/home/ostap/Documents/TurtleBotSLAM/src/turtleSLAM/install/local_setup.ps1'
[1.178s] INFO:colcon.colcon_core.shell:Creating prefix util module '/home/ostap/Documents/TurtleBotSLAM/src/turtleSLAM/install/_local_setup_util_ps1.py'
[1.179s] INFO:colcon.colcon_core.shell:Creating prefix chain script '/home/ostap/Documents/TurtleBotSLAM/src/turtleSLAM/install/setup.ps1'
[1.180s] INFO:colcon.colcon_core.shell:Creating prefix script '/home/ostap/Documents/TurtleBotSLAM/src/turtleSLAM/install/local_setup.sh'
[1.180s] INFO:colcon.colcon_core.shell:Creating prefix util module '/home/ostap/Documents/TurtleBotSLAM/src/turtleSLAM/install/_local_setup_util_sh.py'
[1.181s] INFO:colcon.colcon_core.shell:Creating prefix chain script '/home/ostap/Documents/TurtleBotSLAM/src/turtleSLAM/install/setup.sh'
[1.182s] INFO:colcon.colcon_core.shell:Creating prefix script '/home/ostap/Documents/TurtleBotSLAM/src/turtleSLAM/install/local_setup.bash'
[1.182s] INFO:colcon.colcon_core.shell:Creating prefix chain script '/home/ostap/Documents/TurtleBotSLAM/src/turtleSLAM/install/setup.bash'
[1.183s] INFO:colcon.colcon_core.shell:Creating prefix script '/home/ostap/Documents/TurtleBotSLAM/src/turtleSLAM/install/local_setup.zsh'
[1.183s] INFO:colcon.colcon_core.shell:Creating prefix chain script '/home/ostap/Documents/TurtleBotSLAM/src/turtleSLAM/install/setup.zsh'
